<?xml version="1.0" encoding="UTF-8"?>
<!-- Generated by org.testng.reporters.JUnitReportReporter -->
<testsuite hostname="DESKTOP-31TC28M" failures="0" tests="11" name="com.bd.daraz" time="54.178" errors="0" timestamp="2022-09-09T15:30:12 BDT" skipped="0">
  <testcase classname="com.bd.daraz" name="openUrl" time="5.149"/>
  <system-out/>
  <testcase classname="com.bd.daraz" name="Test1" time="4.622"/>
  <system-out/>
  <testcase classname="com.bd.daraz" name="Test2" time="0.673"/>
  <system-out/>
  <testcase classname="com.bd.daraz" name="Test3" time="0.706"/>
  <system-out/>
  <testcase classname="com.bd.daraz" name="Test4" time="0.779"/>
  <system-out/>
  <testcase classname="com.bd.daraz" name="Test5" time="17.658"/>
  <system-out/>
  <testcase classname="com.bd.daraz" name="Test6" time="10.608"/>
  <system-out/>
  <testcase classname="com.bd.daraz" name="Test7" time="4.093"/>
  <system-out/>
  <testcase classname="com.bd.daraz" name="Test8" time="0.838"/>
  <system-out/>
  <testcase classname="com.bd.daraz" name="Test9" time="0.722"/>
  <system-out/>
  <testcase classname="com.bd.daraz" name="Test10" time="8.330"/>
  <system-out/>
</testsuite> <!-- com.bd.daraz -->
